0 info it worked if it ends with ok
1 verbose cli [ 'D:\\Aplicaciones\\NodeJS\\node.exe',
1 verbose cli   'C:\\Users\\javic\\AppData\\Roaming\\npm\\node_modules\\npm\\bin\\npm-cli.js',
1 verbose cli   'install' ]
2 info using npm@3.8.6
3 info using node@v7.10.0
4 silly loadCurrentTree Starting
5 silly install loadCurrentTree
6 silly install readLocalPackageData
7 silly install normalizeTree
8 silly loadCurrentTree Finishing
9 silly loadIdealTree Starting
10 silly install loadIdealTree
11 silly cloneCurrentTree Starting
12 silly install cloneCurrentTreeToIdealTree
13 silly cloneCurrentTree Finishing
14 silly loadShrinkwrap Starting
15 silly install loadShrinkwrap
16 silly loadShrinkwrap Finishing
17 silly loadAllDepsIntoIdealTree Starting
18 silly install loadAllDepsIntoIdealTree
19 silly loadAllDepsIntoIdealTree Finishing
20 silly idealTree:prePrune javicaballero.com@1.0.0
20 silly idealTree:prePrune +-- accepts@1.3.3
20 silly idealTree:prePrune +-- array-flatten@1.1.1
20 silly idealTree:prePrune +-- bower@1.8.0
20 silly idealTree:prePrune +-- content-disposition@0.5.2
20 silly idealTree:prePrune +-- content-type@1.0.2
20 silly idealTree:prePrune +-- cookie-signature@1.0.6
20 silly idealTree:prePrune +-- cookie@0.3.1
20 silly idealTree:prePrune +-- debug@2.2.0
20 silly idealTree:prePrune +-- depd@1.1.0
20 silly idealTree:prePrune +-- destroy@1.0.4
20 silly idealTree:prePrune +-- ee-first@1.1.1
20 silly idealTree:prePrune +-- encodeurl@1.0.1
20 silly idealTree:prePrune +-- escape-html@1.0.3
20 silly idealTree:prePrune +-- etag@1.7.0
20 silly idealTree:prePrune +-- express@4.14.1
20 silly idealTree:prePrune +-- finalhandler@0.5.1
20 silly idealTree:prePrune +-- forwarded@0.1.0
20 silly idealTree:prePrune +-- fresh@0.3.0
20 silly idealTree:prePrune +-- http-errors@1.5.1
20 silly idealTree:prePrune +-- inherits@2.0.3
20 silly idealTree:prePrune +-- ipaddr.js@1.2.0
20 silly idealTree:prePrune +-- media-typer@0.3.0
20 silly idealTree:prePrune +-- merge-descriptors@1.0.1
20 silly idealTree:prePrune +-- methods@1.1.2
20 silly idealTree:prePrune +-- mime-db@1.26.0
20 silly idealTree:prePrune +-- mime-types@2.1.14
20 silly idealTree:prePrune +-- mime@1.3.4
20 silly idealTree:prePrune +-- ms@0.7.1
20 silly idealTree:prePrune +-- negotiator@0.6.1
20 silly idealTree:prePrune +-- on-finished@2.3.0
20 silly idealTree:prePrune +-- parseurl@1.3.1
20 silly idealTree:prePrune +-- path-to-regexp@0.1.7
20 silly idealTree:prePrune +-- proxy-addr@1.1.3
20 silly idealTree:prePrune +-- qs@6.2.0
20 silly idealTree:prePrune +-- range-parser@1.2.0
20 silly idealTree:prePrune +-- send@0.14.2
20 silly idealTree:prePrune | `-- ms@0.7.2
20 silly idealTree:prePrune +-- serve-static@1.11.2
20 silly idealTree:prePrune +-- setprototypeof@1.0.2
20 silly idealTree:prePrune +-- statuses@1.3.1
20 silly idealTree:prePrune +-- type-is@1.6.14
20 silly idealTree:prePrune +-- unpipe@1.0.0
20 silly idealTree:prePrune +-- utils-merge@1.0.0
20 silly idealTree:prePrune `-- vary@1.1.0
21 silly loadIdealTree Finishing
22 silly currentTree javicaballero.com@1.0.0
22 silly currentTree +-- accepts@1.3.3
22 silly currentTree +-- array-flatten@1.1.1
22 silly currentTree +-- bower@1.8.0
22 silly currentTree +-- content-disposition@0.5.2
22 silly currentTree +-- content-type@1.0.2
22 silly currentTree +-- cookie-signature@1.0.6
22 silly currentTree +-- cookie@0.3.1
22 silly currentTree +-- debug@2.2.0
22 silly currentTree +-- depd@1.1.0
22 silly currentTree +-- destroy@1.0.4
22 silly currentTree +-- ee-first@1.1.1
22 silly currentTree +-- encodeurl@1.0.1
22 silly currentTree +-- escape-html@1.0.3
22 silly currentTree +-- etag@1.7.0
22 silly currentTree +-- express@4.14.1
22 silly currentTree +-- finalhandler@0.5.1
22 silly currentTree +-- forwarded@0.1.0
22 silly currentTree +-- fresh@0.3.0
22 silly currentTree +-- http-errors@1.5.1
22 silly currentTree +-- inherits@2.0.3
22 silly currentTree +-- ipaddr.js@1.2.0
22 silly currentTree +-- media-typer@0.3.0
22 silly currentTree +-- merge-descriptors@1.0.1
22 silly currentTree +-- methods@1.1.2
22 silly currentTree +-- mime-db@1.26.0
22 silly currentTree +-- mime-types@2.1.14
22 silly currentTree +-- mime@1.3.4
22 silly currentTree +-- ms@0.7.1
22 silly currentTree +-- negotiator@0.6.1
22 silly currentTree +-- on-finished@2.3.0
22 silly currentTree +-- parseurl@1.3.1
22 silly currentTree +-- path-to-regexp@0.1.7
22 silly currentTree +-- proxy-addr@1.1.3
22 silly currentTree +-- qs@6.2.0
22 silly currentTree +-- range-parser@1.2.0
22 silly currentTree +-- send@0.14.2
22 silly currentTree | `-- ms@0.7.2
22 silly currentTree +-- serve-static@1.11.2
22 silly currentTree +-- setprototypeof@1.0.2
22 silly currentTree +-- statuses@1.3.1
22 silly currentTree +-- type-is@1.6.14
22 silly currentTree +-- unpipe@1.0.0
22 silly currentTree +-- utils-merge@1.0.0
22 silly currentTree `-- vary@1.1.0
23 silly idealTree javicaballero.com@1.0.0
23 silly idealTree +-- accepts@1.3.3
23 silly idealTree +-- array-flatten@1.1.1
23 silly idealTree +-- bower@1.8.0
23 silly idealTree +-- content-disposition@0.5.2
23 silly idealTree +-- content-type@1.0.2
23 silly idealTree +-- cookie-signature@1.0.6
23 silly idealTree +-- cookie@0.3.1
23 silly idealTree +-- debug@2.2.0
23 silly idealTree +-- depd@1.1.0
23 silly idealTree +-- destroy@1.0.4
23 silly idealTree +-- ee-first@1.1.1
23 silly idealTree +-- encodeurl@1.0.1
23 silly idealTree +-- escape-html@1.0.3
23 silly idealTree +-- etag@1.7.0
23 silly idealTree +-- express@4.14.1
23 silly idealTree +-- finalhandler@0.5.1
23 silly idealTree +-- forwarded@0.1.0
23 silly idealTree +-- fresh@0.3.0
23 silly idealTree +-- http-errors@1.5.1
23 silly idealTree +-- inherits@2.0.3
23 silly idealTree +-- ipaddr.js@1.2.0
23 silly idealTree +-- media-typer@0.3.0
23 silly idealTree +-- merge-descriptors@1.0.1
23 silly idealTree +-- methods@1.1.2
23 silly idealTree +-- mime-db@1.26.0
23 silly idealTree +-- mime-types@2.1.14
23 silly idealTree +-- mime@1.3.4
23 silly idealTree +-- ms@0.7.1
23 silly idealTree +-- negotiator@0.6.1
23 silly idealTree +-- on-finished@2.3.0
23 silly idealTree +-- parseurl@1.3.1
23 silly idealTree +-- path-to-regexp@0.1.7
23 silly idealTree +-- proxy-addr@1.1.3
23 silly idealTree +-- qs@6.2.0
23 silly idealTree +-- range-parser@1.2.0
23 silly idealTree +-- send@0.14.2
23 silly idealTree | `-- ms@0.7.2
23 silly idealTree +-- serve-static@1.11.2
23 silly idealTree +-- setprototypeof@1.0.2
23 silly idealTree +-- statuses@1.3.1
23 silly idealTree +-- type-is@1.6.14
23 silly idealTree +-- unpipe@1.0.0
23 silly idealTree +-- utils-merge@1.0.0
23 silly idealTree `-- vary@1.1.0
24 silly generateActionsToTake Starting
25 silly install generateActionsToTake
26 silly generateActionsToTake Finishing
27 silly diffTrees action count 0
28 silly decomposeActions action count 0
29 silly executeActions Starting
30 silly install executeActions
31 silly doSerial global-install 0
32 silly doParallel fetch 0
33 verbose correctMkdir C:\Users\javic\AppData\Roaming\npm-cache\_locks correctMkdir not in flight; initializing
34 verbose lock using C:\Users\javic\AppData\Roaming\npm-cache\_locks\staging-9b0be66cbdb75e5d.lock for D:\Usuario\Mis documentos\Mis Documentos\Desarrollo\Repositorios Git\javicaballero.com\node_modules\.staging
35 silly doParallel extract 0
36 silly doParallel preinstall 0
37 silly doReverseSerial remove 0
38 silly doSerial move 0
39 silly doSerial finalize 0
40 silly doSerial build 0
41 silly doSerial global-link 0
42 silly doParallel update-linked 0
43 silly doSerial install 0
44 silly doSerial postinstall 0
45 verbose unlock done using C:\Users\javic\AppData\Roaming\npm-cache\_locks\staging-9b0be66cbdb75e5d.lock for D:\Usuario\Mis documentos\Mis Documentos\Desarrollo\Repositorios Git\javicaballero.com\node_modules\.staging
46 silly executeActions Finishing
47 silly rollbackFailedOptional Starting
48 silly rollbackFailedOptional Finishing
49 silly runTopLevelLifecycles Starting
50 silly install runTopLevelLifecycles
51 silly preinstall javicaballero.com@1.0.0 D:\Usuario\Mis documentos\Mis Documentos\Desarrollo\Repositorios Git\javicaballero.com\javicaballero.com-0666a3bd
52 info lifecycle javicaballero.com@1.0.0~preinstall: javicaballero.com@1.0.0
53 silly lifecycle javicaballero.com@1.0.0~preinstall: no script for preinstall, continuing
54 silly build javicaballero.com@1.0.0
55 info linkStuff javicaballero.com@1.0.0
56 silly linkStuff javicaballero.com@1.0.0 has D:\Usuario\Mis documentos\Mis Documentos\Desarrollo\Repositorios Git as its parent node_modules
57 verbose linkBins javicaballero.com@1.0.0
58 verbose linkMans javicaballero.com@1.0.0
59 silly install javicaballero.com@1.0.0 D:\Usuario\Mis documentos\Mis Documentos\Desarrollo\Repositorios Git\javicaballero.com\javicaballero.com-0666a3bd
60 info lifecycle javicaballero.com@1.0.0~install: javicaballero.com@1.0.0
61 silly lifecycle javicaballero.com@1.0.0~install: no script for install, continuing
62 silly postinstall javicaballero.com@1.0.0 D:\Usuario\Mis documentos\Mis Documentos\Desarrollo\Repositorios Git\javicaballero.com\javicaballero.com-0666a3bd
63 info lifecycle javicaballero.com@1.0.0~postinstall: javicaballero.com@1.0.0
64 verbose lifecycle javicaballero.com@1.0.0~postinstall: unsafe-perm in lifecycle true
65 verbose lifecycle javicaballero.com@1.0.0~postinstall: PATH: C:\Users\javic\AppData\Roaming\npm\node_modules\npm\bin\node-gyp-bin;D:\Usuario\Mis documentos\Mis Documentos\Desarrollo\Repositorios Git\javicaballero.com\node_modules\.bin;D:\Aplicaciones\NodeJS;C:\ProgramData\Oracle\Java\javapath;C:\WINDOWS\system32;C:\WINDOWS;C:\WINDOWS\System32\Wbem;C:\WINDOWS\System32\WindowsPowerShell\v1.0\;D:\Aplicaciones\Brackets\command;C:\Users\javic\.dnx\bin;C:\Program Files\Microsoft DNX\Dnvm\;C:\Program Files\Microsoft SQL Server\120\Tools\Binn\;C:\Program Files\Microsoft SQL Server\130\Tools\Binn\;C:\Program Files (x86)\PuTTY\;C:\Program Files\Git\cmd;C:\Program Files (x86)\NVIDIA Corporation\PhysX\Common;C:\Program Files (x86)\GtkSharp\2.12\bin;D:\Aplicaciones\Ruby23\bin;C:\Users\javic\AppData\Roaming\npm;C:\Users\javic\AppData\Local\Microsoft\WindowsApps;D:\Aplicaciones\Microsoft VS Code\bin;C:\adb;D:\Aplicaciones\curl_7_53_1_openssl_nghttp2_x64;D:\Aplicaciones\NodeJS\;%SystemRoot%\system32;%SystemRoot%;%SystemRoot%\System32\Wbem;%SYSTEMROOT%\System32\WindowsPowerShell\v1.0\;D:\Aplicaciones\Ruby23\bin;C:\Users\javic\AppData\Local\Microsoft\WindowsApps;D:\Aplicaciones\Microsoft VS Code\bin;C:\Users\javic\AppData\Roaming\npm;
66 verbose lifecycle javicaballero.com@1.0.0~postinstall: CWD: D:\Usuario\Mis documentos\Mis Documentos\Desarrollo\Repositorios Git\javicaballero.com
67 silly lifecycle javicaballero.com@1.0.0~postinstall: Args: [ '/d /s /c', './node_modules/bower/bin/bower install' ]
68 silly lifecycle javicaballero.com@1.0.0~postinstall: Returned: code: 1  signal: null
69 info lifecycle javicaballero.com@1.0.0~postinstall: Failed to exec postinstall script
70 verbose stack Error: javicaballero.com@1.0.0 postinstall: `./node_modules/bower/bin/bower install`
70 verbose stack Exit status 1
70 verbose stack     at EventEmitter.<anonymous> (C:\Users\javic\AppData\Roaming\npm\node_modules\npm\lib\utils\lifecycle.js:239:16)
70 verbose stack     at emitTwo (events.js:106:13)
70 verbose stack     at EventEmitter.emit (events.js:194:7)
70 verbose stack     at ChildProcess.<anonymous> (C:\Users\javic\AppData\Roaming\npm\node_modules\npm\lib\utils\spawn.js:24:14)
70 verbose stack     at emitTwo (events.js:106:13)
70 verbose stack     at ChildProcess.emit (events.js:194:7)
70 verbose stack     at maybeClose (internal/child_process.js:899:16)
70 verbose stack     at Process.ChildProcess._handle.onexit (internal/child_process.js:226:5)
71 verbose pkgid javicaballero.com@1.0.0
72 verbose cwd D:\Usuario\Mis documentos\Mis Documentos\Desarrollo\Repositorios Git\javicaballero.com
73 error Windows_NT 10.0.15063
74 error argv "D:\\Aplicaciones\\NodeJS\\node.exe" "C:\\Users\\javic\\AppData\\Roaming\\npm\\node_modules\\npm\\bin\\npm-cli.js" "install"
75 error node v7.10.0
76 error npm  v3.8.6
77 error code ELIFECYCLE
78 error javicaballero.com@1.0.0 postinstall: `./node_modules/bower/bin/bower install`
78 error Exit status 1
79 error Failed at the javicaballero.com@1.0.0 postinstall script './node_modules/bower/bin/bower install'.
79 error Make sure you have the latest version of node.js and npm installed.
79 error If you do, this is most likely a problem with the javicaballero.com package,
79 error not with npm itself.
79 error Tell the author that this fails on your system:
79 error     ./node_modules/bower/bin/bower install
79 error You can get information on how to open an issue for this project with:
79 error     npm bugs javicaballero.com
79 error Or if that isn't available, you can get their info via:
79 error     npm owner ls javicaballero.com
79 error There is likely additional logging output above.
80 verbose exit [ 1, true ]
